[28Apr2025 21:01:28.580] [main/INFO] [cpw.mods.modlauncher.Launcher/MODLAUNCHER]: ModLauncher running: args [--launchTarget, neoforgeclientdev, --version, 21.5.44-beta, --assetIndex, 24, --assetsDir, C:\\Users\\Mayaj\\.gradle\\caches\\neoformruntime\\assets, --fml.fmlVersion, 7.0.10, --fml.mcVersion, 1.21.5, --fml.neoForgeVersion, 21.5.44-beta, --fml.neoFormVersion, 20250325.162830]
[28Apr2025 21:01:28.592] [main/INFO] [cpw.mods.modlauncher.Launcher/MODLAUNCHER]: JVM identified as Eclipse Adoptium OpenJDK 64-Bit Server VM 21.0.5+11-LTS
[28Apr2025 21:01:28.602] [main/INFO] [cpw.mods.modlauncher.Launcher/MODLAUNCHER]: ModLauncher 11.0.4+main.d2e20e43 starting: java version 21.0.5 by Eclipse Adoptium; OS Windows 11 arch amd64 version 10.0
[28Apr2025 21:01:29.781] [main/INFO] [net.neoforged.fml.loading.ImmediateWindowHandler/]: Loading ImmediateWindowProvider fmlearlywindow
[28Apr2025 21:01:31.706] [main/INFO] [mixin/]: SpongePowered MIXIN Subsystem Version=0.8.7 Source=union:/C:/Users/Mayaj/.gradle/caches/modules-2/files-2.1/net.fabricmc/sponge-mixin/0.15.2+mixin.0.8.7/2af2f021d8e02a0220dc27a7a72b4666d66d44ca/sponge-mixin-0.15.2+mixin.0.8.7.jar%23162!/ Service=ModLauncher Env=CLIENT
[28Apr2025 21:01:33.257] [pool-2-thread-1/INFO] [EARLYDISPLAY/]: GL info: AMD Radeon(TM) Vega 3 Graphics  GL version 3.2.0 Core Profile Context 24.3.1.240216, ATI Technologies Inc.
[28Apr2025 21:01:35.407] [main/INFO] [net.neoforged.fml.loading.moddiscovery.locators.JarInJarDependencyLocator/]: Found 2 dependencies adding them to mods collection
[28Apr2025 21:01:35.414] [main/INFO] [net.neoforged.fml.loading.moddiscovery.ModDiscoverer/]: 
     Mod List:
		Name Version (Mod Id)

		Architectury 16.1.4 (architectury)
		Cloth Config v17 API 18.0.145 (cloth_config)
		Craftable Essentials 1.0.01 (craftable_essentials)
		Minecraft 1.21.5 (minecraft)
		NeoForge 21.5.44-beta (neoforge)
		Roughly Enough Items (REI) 19.0.806 (roughlyenoughitems)
[28Apr2025 21:01:43.015] [main/INFO] [cpw.mods.modlauncher.LaunchServiceHandler/MODLAUNCHER]: Launching target 'neoforgeclientdev' with arguments [--version, 21.5.44-beta, --assetsDir, C:\Users\Mayaj\.gradle\caches\neoformruntime\assets, --assetIndex, 24]
[28Apr2025 21:01:56.566] [main/WARN] [oshi.driver.windows.perfmon.PerfmonDisabled/]: Invalid registry value type detected for PerfOS counters. Should be REG_DWORD. Ignoring: HKEY_LOCAL_MACHINE\SYSTEM\CurrentControlSet\Services\PerfOS\Performance\Disable Performance Counters.
[28Apr2025 21:01:56.877] [pool-7-thread-1/INFO] [MixinExtras|Service/]: Initializing MixinExtras via com.llamalad7.mixinextras.service.MixinExtrasServiceImpl(version=0.4.1).
[28Apr2025 21:02:27.591] [main/WARN] [net.minecraft.commands.Commands/]: Ambiguity between arguments [teleport, location] and [teleport, destination] with inputs: [0.1 -0.5 .9, 0 0 0]
[28Apr2025 21:02:27.602] [main/WARN] [net.minecraft.commands.Commands/]: Ambiguity between arguments [teleport, location] and [teleport, targets] with inputs: [0.1 -0.5 .9, 0 0 0]
[28Apr2025 21:02:27.618] [main/WARN] [net.minecraft.commands.Commands/]: Ambiguity between arguments [teleport, destination] and [teleport, targets] with inputs: [Player, 0123, @e, dd12be42-52a9-4a91-a8a1-11c01849e498]
[28Apr2025 21:02:27.625] [main/WARN] [net.minecraft.commands.Commands/]: Ambiguity between arguments [teleport, targets] and [teleport, destination] with inputs: [Player, 0123, dd12be42-52a9-4a91-a8a1-11c01849e498]
[28Apr2025 21:02:27.636] [main/WARN] [net.minecraft.commands.Commands/]: Ambiguity between arguments [teleport, targets, location] and [teleport, targets, destination] with inputs: [0.1 -0.5 .9, 0 0 0]
[28Apr2025 21:02:28.307] [modloading-worker-0/INFO] [net.neoforged.neoforge.common.NeoForgeMod/NEOFORGE-MOD]: NeoForge mod loading, version 21.5.44-beta, for MC 1.21.5
[28Apr2025 21:02:29.670] [modloading-worker-0/INFO] [REI/]: [REI] Config loaded
[28Apr2025 21:02:30.168] [modloading-worker-0/INFO] [REI/]: [REI] Registered plugin provider DefaultPluginImpl [roughlyenoughitems] for REICommonPlugin
[28Apr2025 21:02:30.172] [modloading-worker-0/INFO] [REI/]: [REI] Registered plugin provider DefaultRuntimePlugin [roughlyenoughitems] for REICommonPlugin
[28Apr2025 21:02:30.356] [modloading-worker-0/INFO] [REI/]: [REI] Registered plugin provider DefaultClientPluginImpl [roughlyenoughitems] for REIClientPlugin
[28Apr2025 21:02:30.404] [modloading-worker-0/INFO] [REI/]: [REI] Registered plugin provider DefaultClientRuntimePlugin [roughlyenoughitems] for REIClientPlugin
[28Apr2025 21:02:30.414] [modloading-worker-0/INFO] [REI/]: [REI] Registered plugin provider HideIngredientsFromTagsPlugin [roughlyenoughitems] for REIClientPlugin
[28Apr2025 21:02:30.683] [Datafixer Bootstrap/INFO] [com.mojang.datafixers.DataFixerBuilder/]: 266 Datafixer optimizations took 40609 milliseconds
[28Apr2025 21:02:31.425] [Render thread/WARN] [net.minecraft.server.packs.VanillaPackResourcesBuilder/]: Assets URL 'union:/C:/Mods%20Forge/Craftable%20Essentials/build/moddev/artifacts/neoforge-21.5.44-beta.jar%23218!/assets/.mcassetsroot' uses unexpected schema
[28Apr2025 21:02:31.432] [Render thread/WARN] [net.minecraft.server.packs.VanillaPackResourcesBuilder/]: Assets URL 'union:/C:/Mods%20Forge/Craftable%20Essentials/build/moddev/artifacts/neoforge-21.5.44-beta.jar%23218!/data/.mcassetsroot' uses unexpected schema
[28Apr2025 21:02:31.621] [Render thread/INFO] [com.mojang.authlib.yggdrasil.YggdrasilAuthenticationService/]: Environment: Environment[sessionHost=https://sessionserver.mojang.com, servicesHost=https://api.minecraftservices.com, name=PROD]
[28Apr2025 21:02:31.665] [Render thread/INFO] [net.minecraft.client.Minecraft/]: Setting user: Dev
[28Apr2025 21:02:32.222] [Render thread/INFO] [net.minecraft.client.Minecraft/]: Backend library: LWJGL version 3.3.3+5
[28Apr2025 21:02:32.841] [Render thread/INFO] [net.minecraft.client.Minecraft/]: Using optional rendering extensions: GL_KHR_debug, GL_ARB_vertex_attrib_binding, GL_ARB_direct_state_access
[28Apr2025 21:02:35.019] [Download-1/INFO] [com.mojang.realmsclient.client.RealmsClient/]: Could not authorize you against Realms server: Invalid session id
[28Apr2025 21:02:35.022] [Download-1/ERROR] [com.mojang.realmsclient.client.RealmsClient/]: Failed to fetch Realms feature flags
com.mojang.realmsclient.exception.RealmsServiceException: Realms authentication error with message 'Invalid session id'
	at TRANSFORMER/minecraft@1.21.5/com.mojang.realmsclient.client.RealmsClient.execute(RealmsClient.java:469) ~[neoforge-21.5.44-beta.jar%23218!/:?]
	at TRANSFORMER/minecraft@1.21.5/com.mojang.realmsclient.client.RealmsClient.fetchFeatureFlags(RealmsClient.java:151) ~[neoforge-21.5.44-beta.jar%23218!/:?]
	at java.base/java.util.concurrent.CompletableFuture$AsyncSupply.run(CompletableFuture.java:1768) ~[?:?]
	at java.base/java.util.concurrent.ThreadPoolExecutor.runWorker(ThreadPoolExecutor.java:1144) ~[?:?]
	at java.base/java.util.concurrent.ThreadPoolExecutor$Worker.run(ThreadPoolExecutor.java:642) ~[?:?]
	at java.base/java.lang.Thread.run(Thread.java:1583) [?:?]
[28Apr2025 21:02:35.373] [Render thread/INFO] [net.minecraft.server.packs.resources.ReloadableResourceManager/]: Reloading ResourceManager: vanilla, mod_resources, mod/roughlyenoughitems, mod/cloth_config, mod/architectury, mod/neoforge, mod/craftable_essentials
[28Apr2025 21:02:35.409] [resourceLoad/INFO] [net.mayavampire.craftableessentials.CraftableEssentials/]: HELLO FROM COMMON SETUP
[28Apr2025 21:02:35.409] [resourceLoad/INFO] [net.mayavampire.craftableessentials.CraftableEssentials/]: null0
[28Apr2025 21:02:36.307] [resourceLoad/INFO] [net.minecraft.client.gui.font.providers.UnihexProvider/]: Found unifont_all_no_pua-16.0.01.hex, loading
[28Apr2025 21:02:37.928] [resourceLoad/INFO] [net.minecraft.client.gui.font.providers.UnihexProvider/]: Found unifont_jp_patch-16.0.01.hex, loading
[28Apr2025 21:02:42.782] [Render thread/WARN] [com.mojang.blaze3d.opengl.GlProgram/]: Found unknown and unsupported uniform Sampler1 in minecraft:pipeline/armor_cutout_no_cull
[28Apr2025 21:02:42.832] [Render thread/WARN] [com.mojang.blaze3d.opengl.GlProgram/]: Found unknown and unsupported uniform Sampler1 in minecraft:pipeline/breeze_wind
[28Apr2025 21:02:42.857] [Render thread/WARN] [com.mojang.blaze3d.opengl.GlProgram/]: Found unknown and unsupported uniform Sampler1 in minecraft:pipeline/armor_decal_cutout_no_cull
[28Apr2025 21:02:42.861] [Render thread/WARN] [com.mojang.blaze3d.opengl.GlProgram/]: Found unknown and unsupported uniform Sampler1 in minecraft:pipeline/armor_translucent
[28Apr2025 21:02:42.876] [Render thread/WARN] [com.mojang.blaze3d.opengl.GlProgram/]: Found unknown and unsupported uniform Sampler2 in minecraft:pipeline/eyes
[28Apr2025 21:02:42.876] [Render thread/WARN] [com.mojang.blaze3d.opengl.GlProgram/]: Found unknown and unsupported uniform Sampler1 in minecraft:pipeline/eyes
[28Apr2025 21:02:42.882] [Render thread/WARN] [com.mojang.blaze3d.opengl.GlProgram/]: Found unknown and unsupported uniform Sampler2 in minecraft:pipeline/energy_swirl
[28Apr2025 21:02:42.882] [Render thread/WARN] [com.mojang.blaze3d.opengl.GlProgram/]: Found unknown and unsupported uniform Sampler1 in minecraft:pipeline/energy_swirl
[28Apr2025 21:02:42.901] [Render thread/WARN] [com.mojang.blaze3d.opengl.GlProgram/]: Found unknown and unsupported uniform Sampler1 in minecraft:pipeline/entity_no_outline
[28Apr2025 21:02:43.042] [Render thread/INFO] [com.mojang.blaze3d.audio.Library/]: OpenAL initialized on device OpenAL Soft on 1 - 43S451 (AMD High Definition Audio Device)
[28Apr2025 21:02:43.043] [Render thread/INFO] [net.minecraft.client.sounds.SoundEngine/SOUNDS]: Sound engine started
[28Apr2025 21:02:43.304] [Render thread/INFO] [net.minecraft.client.renderer.texture.TextureAtlas/]: Created: 1024x512x4 minecraft:textures/atlas/blocks.png-atlas
[28Apr2025 21:02:43.329] [Render thread/INFO] [net.minecraft.client.renderer.texture.TextureAtlas/]: Created: 256x256x4 minecraft:textures/atlas/signs.png-atlas
[28Apr2025 21:02:43.330] [Render thread/INFO] [net.minecraft.client.renderer.texture.TextureAtlas/]: Created: 512x512x4 minecraft:textures/atlas/shield_patterns.png-atlas
[28Apr2025 21:02:43.346] [Render thread/INFO] [net.minecraft.client.renderer.texture.TextureAtlas/]: Created: 512x512x4 minecraft:textures/atlas/banner_patterns.png-atlas
[28Apr2025 21:02:43.371] [Render thread/INFO] [net.minecraft.client.renderer.texture.TextureAtlas/]: Created: 2048x1024x4 minecraft:textures/atlas/armor_trims.png-atlas
[28Apr2025 21:02:43.420] [Render thread/INFO] [net.minecraft.client.renderer.texture.TextureAtlas/]: Created: 128x64x4 minecraft:textures/atlas/decorated_pot.png-atlas
[28Apr2025 21:02:43.421] [Render thread/INFO] [net.minecraft.client.renderer.texture.TextureAtlas/]: Created: 256x256x4 minecraft:textures/atlas/chest.png-atlas
[28Apr2025 21:02:43.424] [Render thread/INFO] [net.minecraft.client.renderer.texture.TextureAtlas/]: Created: 512x256x4 minecraft:textures/atlas/beds.png-atlas
[28Apr2025 21:02:43.425] [Render thread/INFO] [net.minecraft.client.renderer.texture.TextureAtlas/]: Created: 512x256x4 minecraft:textures/atlas/shulker_boxes.png-atlas
[28Apr2025 21:02:43.439] [Render thread/INFO] [net.minecraft.client.renderer.texture.TextureAtlas/]: Created: 64x64x0 minecraft:textures/atlas/map_decorations.png-atlas
[28Apr2025 21:02:43.886] [Render thread/INFO] [net.minecraft.client.renderer.texture.TextureAtlas/]: Created: 512x256x0 minecraft:textures/atlas/particles.png-atlas
[28Apr2025 21:02:43.889] [Render thread/INFO] [net.minecraft.client.renderer.texture.TextureAtlas/]: Created: 512x256x0 minecraft:textures/atlas/paintings.png-atlas
[28Apr2025 21:02:43.889] [Render thread/INFO] [net.minecraft.client.renderer.texture.TextureAtlas/]: Created: 256x128x0 minecraft:textures/atlas/mob_effects.png-atlas
[28Apr2025 21:02:43.890] [Render thread/INFO] [net.minecraft.client.renderer.texture.TextureAtlas/]: Created: 1024x1024x0 minecraft:textures/atlas/gui.png-atlas
[28Apr2025 21:02:43.900] [Render thread/INFO] [net.neoforged.neoforge.client.entity.animation.json.AnimationLoader/]: Loaded 0 entity animations
[28Apr2025 21:03:36.024] [Render thread/INFO] [net.minecraft.client.Minecraft/]: Stopping!
